
> server@1.0.0 start
> node index.js

[dotenv@17.2.3] injecting env (10) from .env -- tip: ≡ƒôí add observability to secrets: https://dotenvx.com/ops
DB CONFIG: { host: 'localhost', db: 'vtrustx_db', user: 'postgres' }
Starting VTrustX Server (v2.1 - Quotas Enabled)...
[dotenv@17.2.3] injecting env (0) from .env -- tip: ≡ƒöÉ encrypt with Dotenvx: https://dotenvx.com
[dotenv@17.2.3] injecting env (0) from .env -- tip: ΓÜÖ∩╕Å  suppress all logs with { quiet: true }
Agent Chat Router Type: function router
node.exe : 
node:internal/modules/cjs/loader:1368
At line:1 char:1
+ & "C:\Program Files\nodejs/node.exe" 
"C:\Program Files\nodejs/node_mo ...
+ ~~~~~~~~~~~~~~~~~~~~~~~~~~~~~~~~~~~~~~~~~~~
~~~~~~~~~~~~~~~~~~~~~~~~~~
    + CategoryInfo          : NotSpecified:  
   (node:internal/modules/cjs/loader:1368:S  
  tring) [], RemoteException
    + FullyQualifiedErrorId : NativeCommandE 
   rror
 
  throw err;
  ^

Error: Cannot find module 
'./src/api/routes/quotas'
Require stack:
- D:\VTrustX\server\index.js
    at Function._resolveFilename 
(node:internal/modules/cjs/loader:1365:15)
    at defaultResolveImpl 
(node:internal/modules/cjs/loader:1021:19)
    at resolveForCJSWithHooks 
(node:internal/modules/cjs/loader:1026:22)
    at Function._load 
(node:internal/modules/cjs/loader:1175:37)
    at TracingChannel.traceSync 
(node:diagnostics_channel:322:14)
    at wrapModuleLoad 
(node:internal/modules/cjs/loader:235:24)
    at Module.require 
(node:internal/modules/cjs/loader:1445:12)
    at require 
(node:internal/modules/helpers:135:16)
    at Object.<anonymous> 
(D:\VTrustX\server\index.js:61:24)
    at Module._compile 
(node:internal/modules/cjs/loader:1688:14) {
  code: 'MODULE_NOT_FOUND',
  requireStack: [ 
'D:\\VTrustX\\server\\index.js' ]
}

Node.js v22.18.0
